!SESSION 2015-03-12 13:36:38.857 -----------------------------------------------
eclipse.buildId=unknown
java.version=1.8.0_40
java.vendor=Oracle Corporation
BootLoader constants: OS=win32, ARCH=x86_64, WS=win32, NL=zh_CN
Command-line arguments:  -console

!ENTRY org.springframework.osgi.extender 4 0 2015-03-12 13:36:41.558
!MESSAGE 
!STACK 0
org.osgi.framework.BundleException: The activator org.springframework.osgi.extender.internal.activator.ContextLoaderListener for bundle org.springframework.osgi.extender is invalid
	at org.eclipse.osgi.framework.internal.core.AbstractBundle.loadBundleActivator(AbstractBundle.java:156)
	at org.eclipse.osgi.framework.internal.core.BundleContextImpl.start(BundleContextImpl.java:751)
	at org.eclipse.osgi.framework.internal.core.BundleHost.startWorker(BundleHost.java:370)
	at org.eclipse.osgi.framework.internal.core.AbstractBundle.resume(AbstractBundle.java:374)
	at org.eclipse.osgi.framework.internal.core.Framework.resumeBundle(Framework.java:1067)
	at org.eclipse.osgi.framework.internal.core.StartLevelManager.resumeBundles(StartLevelManager.java:561)
	at org.eclipse.osgi.framework.internal.core.StartLevelManager.resumeBundles(StartLevelManager.java:546)
	at org.eclipse.osgi.framework.internal.core.StartLevelManager.incFWSL(StartLevelManager.java:459)
	at org.eclipse.osgi.framework.internal.core.StartLevelManager.doSetStartLevel(StartLevelManager.java:243)
	at org.eclipse.osgi.framework.internal.core.StartLevelManager.dispatchEvent(StartLevelManager.java:440)
	at org.eclipse.osgi.framework.eventmgr.EventManager.dispatchEvent(EventManager.java:227)
	at org.eclipse.osgi.framework.eventmgr.EventManager$EventThread.run(EventManager.java:337)
Caused by: java.lang.IllegalStateException: Cannot create ConcurrentHashMap - neither JDK 1.5 nor backport-concurrent available on the classpath
	at org.springframework.core.CollectionFactory.createConcurrentMap(CollectionFactory.java:229)
	at org.springframework.osgi.extender.internal.activator.ContextLoaderListener.<init>(ContextLoaderListener.java:332)
	at sun.reflect.NativeConstructorAccessorImpl.newInstance0(Native Method)
	at sun.reflect.NativeConstructorAccessorImpl.newInstance(Unknown Source)
	at sun.reflect.DelegatingConstructorAccessorImpl.newInstance(Unknown Source)
	at java.lang.reflect.Constructor.newInstance(Unknown Source)
	at java.lang.Class.newInstance(Unknown Source)
	at org.eclipse.osgi.framework.internal.core.AbstractBundle.loadBundleActivator(AbstractBundle.java:151)
	... 11 more
Root exception:
java.lang.IllegalStateException: Cannot create ConcurrentHashMap - neither JDK 1.5 nor backport-concurrent available on the classpath
	at org.springframework.core.CollectionFactory.createConcurrentMap(CollectionFactory.java:229)
	at org.springframework.osgi.extender.internal.activator.ContextLoaderListener.<init>(ContextLoaderListener.java:332)
	at sun.reflect.NativeConstructorAccessorImpl.newInstance0(Native Method)
	at sun.reflect.NativeConstructorAccessorImpl.newInstance(Unknown Source)
	at sun.reflect.DelegatingConstructorAccessorImpl.newInstance(Unknown Source)
	at java.lang.reflect.Constructor.newInstance(Unknown Source)
	at java.lang.Class.newInstance(Unknown Source)
	at org.eclipse.osgi.framework.internal.core.AbstractBundle.loadBundleActivator(AbstractBundle.java:151)
	at org.eclipse.osgi.framework.internal.core.BundleContextImpl.start(BundleContextImpl.java:751)
	at org.eclipse.osgi.framework.internal.core.BundleHost.startWorker(BundleHost.java:370)
	at org.eclipse.osgi.framework.internal.core.AbstractBundle.resume(AbstractBundle.java:374)
	at org.eclipse.osgi.framework.internal.core.Framework.resumeBundle(Framework.java:1067)
	at org.eclipse.osgi.framework.internal.core.StartLevelManager.resumeBundles(StartLevelManager.java:561)
	at org.eclipse.osgi.framework.internal.core.StartLevelManager.resumeBundles(StartLevelManager.java:546)
	at org.eclipse.osgi.framework.internal.core.StartLevelManager.incFWSL(StartLevelManager.java:459)
	at org.eclipse.osgi.framework.internal.core.StartLevelManager.doSetStartLevel(StartLevelManager.java:243)
	at org.eclipse.osgi.framework.internal.core.StartLevelManager.dispatchEvent(StartLevelManager.java:440)
	at org.eclipse.osgi.framework.eventmgr.EventManager.dispatchEvent(EventManager.java:227)
	at org.eclipse.osgi.framework.eventmgr.EventManager$EventThread.run(EventManager.java:337)

!ENTRY org.eclipse.osgi 4 0 2015-03-12 13:36:41.570
!MESSAGE Bundle org.springframework.osgi.extender_1.2.1 [2] is not active.
